<?xml version="1.0" encoding="UTF-8"?>
<!-- Generated by org.testng.reporters.JUnitXMLReporter -->
<testsuite ignored="0" hostname="DESKTOP-F52EDBA" failures="1" tests="1" name="Test" time="34.758" errors="0" timestamp="2023-01-03T15:12:13 IST">
  <testcase classname="testNGImplementation.CreateOrganizationTest" name="createOrganizationTest" time="20.731">
    <failure type="java.lang.AssertionError" message="The following asserts failed:
	expected [true] but found [false]">
      <![CDATA[java.lang.AssertionError: The following asserts failed:
expected [true] but found [false]
at testNGImplementation.CreateOrganizationTest.createOrganizationTest(CreateOrganizationTest.java:38)
at java.base/java.util.ArrayList.forEach(ArrayList.java:1511)
... Removed 29 stack frames]]>
    </failure>
  </testcase> <!-- createOrganizationTest -->
</testsuite> <!-- Test -->
